[    3677ms] [WARNING] You are using the in-browser Babel transformer. Be sure to precompile your scripts for production - https://babeljs.io/docs/setup/ @ https://unpkg.com/@babel/standalone/babel.min.js:2
[    5962ms] [ERROR] Failed to load resource: the server responded with a status of 400 () @ https://yrgxbcgfthzkuenfewkx.supabase.co/rest/v1/daily_leads?select=*&order=day.asc&limit=30:0
[   33438ms] [ERROR] TypeError: Cannot read properties of undefined (reading 'length')
    at MetricsDashboard (<anonymous>:6751:43)
    at mf (https://unpkg.com/react-dom@18/umd/react-dom.production.min.js:105:412)
    at zf (https://unpkg.com/react-dom@18/umd/react-dom.production.min.js:127:55)
    at Qk (https://unpkg.com/react-dom@18/umd/react-dom.production.min.js:251:489)
    at Ri (https://unpkg.com/react-dom@18/umd/react-dom.production.min.js:195:185)
    at Ok (https://unpkg.com/react-dom@18/umd/react-dom.production.min.js:195:116)
    at Nd (https://unpkg.com/react-dom@18/umd/react-dom.production.min.js:194:492)
    at Qf (https://unpkg.com/react-dom@18/umd/react-dom.production.min.js:187:439)
    at Ni (https://unpkg.com/react-dom@18/umd/react-dom.production.min.js:185:400)
    at S (https://unpkg.com/react@18/umd/react.production.min.js:17:25)
    at MessagePort.U (https://unpkg.com/react@18/umd/react.production.min.js:21:229) @ https://unpkg.com/react-dom@18/umd/react-dom.production.min.js:120
[   33440ms] Uncaught TypeError: Cannot read properties of undefined (reading 'length')
    at MetricsDashboard (:6750:42)
    at mf (https://unpkg.com/react-dom@18/umd/react-dom.production.min.js:104:411)
    at zf (https://unpkg.com/react-dom@18/umd/react-dom.production.min.js:126:54)
    at Qk (https://unpkg.com/react-dom@18/umd/react-dom.production.min.js:250:488)
    at Ri (https://unpkg.com/react-dom@18/umd/react-dom.production.min.js:194:184)
    at Ok (https://unpkg.com/react-dom@18/umd/react-dom.production.min.js:194:115)
    at Nd (https://unpkg.com/react-dom@18/umd/react-dom.production.min.js:193:491)
    at Qf (https://unpkg.com/react-dom@18/umd/react-dom.production.min.js:186:438)
    at Ni (https://unpkg.com/react-dom@18/umd/react-dom.production.min.js:184:399)
    at S (https://unpkg.com/react@18/umd/react.production.min.js:16:24)
    at U (https://unpkg.com/react@18/umd/react.production.min.js:20:228)
